<?xml version="1.0" encoding="UTF-8"?>
<testng-results ignored="0" total="1" passed="1" failed="0" skipped="0">
  <reporter-output>
  </reporter-output>
  <suite started-at="2022-12-11T16:10:41 IST" name="Suite" finished-at="2022-12-11T16:11:37 IST" duration-ms="56919">
    <groups>
    </groups>
    <test started-at="2022-12-11T16:10:41 IST" name="Initial Tests" finished-at="2022-12-11T16:11:37 IST" duration-ms="56919">
      <class name="EXSquared.BrookfieldAppium.tests.AboutPageTests">
        <test-method is-config="true" signature="beforeSuite()[pri:0, instance:EXSquared.BrookfieldAppium.tests.AboutPageTests@663c9e7a]" started-at="2022-12-11T16:10:39 IST" name="beforeSuite" finished-at="2022-12-11T16:10:41 IST" duration-ms="1960" status="PASS">
          <reporter-output>
          </reporter-output>
        </test-method> <!-- beforeSuite -->
        <test-method is-config="true" signature="beforeTest(java.lang.String,java.lang.String,java.lang.String,java.lang.String)[pri:0, instance:EXSquared.BrookfieldAppium.tests.AboutPageTests@663c9e7a]" started-at="2022-12-11T16:10:41 IST" name="beforeTest" finished-at="2022-12-11T16:10:59 IST" duration-ms="18812" status="PASS">
          <params>
            <param index="0">
              <value is-null="true"/>
            </param>
            <param index="1">
              <value is-null="true"/>
            </param>
            <param index="2">
              <value is-null="true"/>
            </param>
            <param index="3">
              <value is-null="true"/>
            </param>
          </params>
          <reporter-output>
          </reporter-output>
        </test-method> <!-- beforeTest -->
        <test-method is-config="true" signature="beforeMethod(java.lang.reflect.Method)[pri:0, instance:EXSquared.BrookfieldAppium.tests.AboutPageTests@663c9e7a]" started-at="2022-12-11T16:10:59 IST" name="beforeMethod" finished-at="2022-12-11T16:10:59 IST" duration-ms="50" status="PASS">
          <params>
            <param index="0">
              <value>
                <![CDATA[public void EXSquared.BrookfieldAppium.tests.AboutPageTests.goingToLoginPage() throws java.lang.InterruptedException]]>
              </value>
            </param>
          </params>
          <reporter-output>
          </reporter-output>
        </test-method> <!-- beforeMethod -->
        <test-method signature="goingToLoginPage()[pri:1, instance:EXSquared.BrookfieldAppium.tests.AboutPageTests@663c9e7a]" started-at="2022-12-11T16:10:59 IST" name="goingToLoginPage" finished-at="2022-12-11T16:11:37 IST" duration-ms="37982" status="PASS">
          <reporter-output>
          </reporter-output>
        </test-method> <!-- goingToLoginPage -->
        <test-method is-config="true" signature="afterMethod()[pri:0, instance:EXSquared.BrookfieldAppium.tests.AboutPageTests@663c9e7a]" started-at="2022-12-11T16:11:37 IST" name="afterMethod" finished-at="2022-12-11T16:11:37 IST" duration-ms="0" status="PASS">
          <reporter-output>
          </reporter-output>
        </test-method> <!-- afterMethod -->
        <test-method is-config="true" signature="afterTest()[pri:0, instance:EXSquared.BrookfieldAppium.tests.AboutPageTests@663c9e7a]" started-at="2022-12-11T16:11:37 IST" name="afterTest" finished-at="2022-12-11T16:11:37 IST" duration-ms="1" status="PASS">
          <reporter-output>
          </reporter-output>
        </test-method> <!-- afterTest -->
        <test-method is-config="true" signature="afterSuite()[pri:0, instance:EXSquared.BrookfieldAppium.tests.AboutPageTests@663c9e7a]" started-at="2022-12-11T16:11:38 IST" name="afterSuite" finished-at="2022-12-11T16:11:38 IST" duration-ms="292" status="PASS">
          <reporter-output>
          </reporter-output>
        </test-method> <!-- afterSuite -->
      </class> <!-- EXSquared.BrookfieldAppium.tests.AboutPageTests -->
    </test> <!-- Initial Tests -->
  </suite> <!-- Suite -->
</testng-results>
